\BOOKMARK [1][-]{Doc-Start}{\376\377\000A\000b\000b\000i\000l\000d\000u\000n\000g\000s\000v\000e\000r\000z\000e\000i\000c\000h\000n\000i\000s}{}% 1
\BOOKMARK [1][-]{section*.1}{\376\377\000T\000a\000b\000e\000l\000l\000e\000n\000v\000e\000r\000z\000e\000i\000c\000h\000n\000i\000s}{}% 2
\BOOKMARK [1][-]{section*.1}{\376\377\000L\000i\000s\000t\000i\000n\000g\000s}{}% 3
\BOOKMARK [1][-]{section*.1}{\376\377\000A\000b\000k\000\374\000r\000z\000u\000n\000g\000s\000v\000e\000r\000z\000e\000i\000c\000h\000n\000i\000s}{}% 4
\BOOKMARK [1][-]{section*.2}{\376\377\000G\000l\000o\000s\000s\000a\000r}{}% 5
\BOOKMARK [1][-]{section.1}{\376\377\000E\000i\000n\000l\000e\000i\000t\000u\000n\000g}{}% 6
\BOOKMARK [2][-]{subsection.1.1}{\376\377\000P\000r\000o\000j\000e\000k\000t\000b\000e\000s\000c\000h\000r\000e\000i\000b\000u\000n\000g}{section.1}% 7
\BOOKMARK [2][-]{subsection.1.2}{\376\377\000P\000r\000o\000j\000e\000k\000t\000z\000i\000e\000l}{section.1}% 8
\BOOKMARK [1][-]{section.2}{\376\377\000P\000r\000o\000j\000e\000k\000t\000p\000l\000a\000n\000u\000n\000g}{}% 9
\BOOKMARK [2][-]{subsection.2.1}{\376\377\000P\000r\000o\000j\000e\000k\000t\000p\000h\000a\000s\000e\000n}{section.2}% 10
\BOOKMARK [2][-]{subsection.2.2}{\376\377\000R\000e\000s\000s\000o\000u\000r\000c\000e\000n\000p\000l\000a\000n\000u\000n\000g}{section.2}% 11
\BOOKMARK [2][-]{subsection.2.3}{\376\377\000E\000n\000t\000w\000i\000c\000k\000l\000u\000n\000g\000s\000p\000r\000o\000z\000e\000s\000s}{section.2}% 12
\BOOKMARK [1][-]{section.3}{\376\377\000A\000n\000a\000l\000y\000s\000e\000p\000h\000a\000s\000e}{}% 13
\BOOKMARK [2][-]{subsection.3.1}{\376\377\000I\000s\000t\000-\000A\000n\000a\000l\000y\000s\000e}{section.3}% 14
\BOOKMARK [2][-]{subsection.3.2}{\376\377\000W\000i\000r\000s\000c\000h\000a\000f\000t\000l\000i\000c\000h\000k\000e\000i\000t\000s\000a\000n\000a\000l\000y\000s\000e}{section.3}% 15
\BOOKMARK [3][-]{subsubsection.3.2.1}{\376\377\000P\000r\000o\000j\000e\000k\000t\000k\000o\000s\000t\000e\000n}{subsection.3.2}% 16
\BOOKMARK [3][-]{subsubsection.3.2.2}{\376\377\000A\000m\000o\000r\000t\000i\000s\000a\000t\000i\000o\000n\000s\000d\000a\000u\000e\000r}{subsection.3.2}% 17
\BOOKMARK [2][-]{subsection.3.3}{\376\377\000A\000n\000w\000e\000n\000d\000u\000n\000g\000s\000f\000\344\000l\000l\000e}{section.3}% 18
\BOOKMARK [2][-]{subsection.3.4}{\376\377\000L\000a\000s\000t\000e\000n\000h\000e\000f\000t}{section.3}% 19
\BOOKMARK [1][-]{section.4}{\376\377\000E\000n\000t\000w\000u\000r\000f\000s\000p\000h\000a\000s\000e}{}% 20
\BOOKMARK [2][-]{subsection.4.1}{\376\377\000Z\000i\000e\000l\000p\000l\000a\000t\000t\000f\000o\000r\000m}{section.4}% 21
\BOOKMARK [2][-]{subsection.4.2}{\376\377\000A\000r\000c\000h\000i\000t\000e\000k\000t\000u\000r\000d\000e\000s\000i\000g\000n}{section.4}% 22
\BOOKMARK [2][-]{subsection.4.3}{\376\377\000E\000n\000t\000w\000u\000r\000f\000\040\000d\000e\000r\000\040\000B\000e\000n\000u\000t\000z\000t\000e\000r\000o\000b\000e\000r\000f\000l\000\344\000c\000h\000e}{section.4}% 23
\BOOKMARK [2][-]{subsection.4.4}{\376\377\000D\000a\000t\000e\000n\000m\000o\000d\000e\000l\000l}{section.4}% 24
\BOOKMARK [2][-]{subsection.4.5}{\376\377\000G\000e\000s\000c\000h\000\344\000f\000t\000s\000l\000o\000g\000i\000k}{section.4}% 25
\BOOKMARK [2][-]{subsection.4.6}{\376\377\000C\000o\000d\000e\000-\000Q\000u\000a\000l\000i\000t\000\344\000t\000s\000s\000i\000c\000h\000e\000r\000u\000n\000g}{section.4}% 26
\BOOKMARK [2][-]{subsection.4.7}{\376\377\000D\000e\000p\000l\000o\000y\000m\000e\000n\000t}{section.4}% 27
\BOOKMARK [2][-]{subsection.4.8}{\376\377\000P\000l\000i\000c\000h\000t\000e\000n\000h\000f\000e\000f\000t}{section.4}% 28
\BOOKMARK [1][-]{section.5}{\376\377\000I\000m\000p\000l\000e\000m\000e\000n\000t\000i\000e\000r\000u\000n\000g\000s\000p\000h\000a\000s\000e}{}% 29
\BOOKMARK [2][-]{subsection.5.1}{\376\377\000I\000m\000p\000l\000e\000n\000t\000i\000e\000r\000u\000n\000g\000\040\000d\000e\000s\000\040\000D\000a\000t\000e\000n\000m\000o\000d\000e\000l\000l\000e\000\040\000u\000n\000d\000\040\000d\000e\000r\000\040\000D\000a\000t\000e\000n\000b\000a\000n\000k}{section.5}% 30
\BOOKMARK [2][-]{subsection.5.2}{\376\377\000I\000m\000p\000l\000e\000m\000e\000n\000t\000i\000e\000r\000u\000n\000g\000\040\000d\000e\000r\000\040\000G\000e\000s\000c\000h\000f\000\344\000f\000t\000s\000l\000o\000g\000i\000k}{section.5}% 31
\BOOKMARK [2][-]{subsection.5.3}{\376\377\000I\000m\000p\000l\000e\000m\000e\000n\000t\000i\000e\000r\000u\000n\000g\000\040\000u\000n\000d\000\040\000D\000u\000r\000c\000h\000f\000\374\000h\000r\000u\000n\000g\000\040\000d\000e\000r\000\040\000T\000e\000s\000t\000s}{section.5}% 32
\BOOKMARK [2][-]{subsection.5.4}{\376\377\000I\000m\000p\000l\000e\000m\000e\000n\000t\000i\000e\000r\000u\000n\000g\000\040\000d\000e\000r\000\040\000O\000b\000e\000r\000f\000l\000\344\000c\000h\000e}{section.5}% 33
\BOOKMARK [2][-]{subsection.5.5}{\376\377\000T\000e\000s\000t\000e\000n\000\040\000d\000e\000r\000\040\000A\000n\000w\000e\000n\000d\000u\000n\000g}{section.5}% 34
\BOOKMARK [1][-]{section.6}{\376\377\000A\000b\000n\000a\000h\000m\000e\000\040\000u\000n\000d\000\040\000D\000e\000p\000l\000o\000y\000m\000e\000n\000t\000p\000h\000a\000s\000e}{}% 35
\BOOKMARK [2][-]{subsection.6.1}{\376\377\000C\000o\000d\000e\000-\000R\000e\000v\000i\000e\000w}{section.6}% 36
\BOOKMARK [2][-]{subsection.6.2}{\376\377\000D\000e\000p\000l\000o\000y\000m\000e\000n\000t}{section.6}% 37
\BOOKMARK [1][-]{section.7}{\376\377\000D\000o\000k\000u\000m\000e\000n\000t\000a\000t\000i\000o\000n}{}% 38
\BOOKMARK [1][-]{section.8}{\376\377\000F\000a\000z\000i\000t}{}% 39
\BOOKMARK [2][-]{subsection.8.1}{\376\377\000S\000o\000l\000l\000-\000\040\000/\000\040\000I\000s\000t\000-\000V\000e\000r\000g\000l\000e\000i\000c\000h}{section.8}% 40
\BOOKMARK [2][-]{subsection.8.2}{\376\377\000E\000r\000f\000a\000h\000r\000u\000n\000g\000s\000g\000e\000w\000i\000n\000n\000e}{section.8}% 41
\BOOKMARK [2][-]{subsection.8.3}{\376\377\000A\000u\000s\000b\000l\000i\000c\000k}{section.8}% 42
\BOOKMARK [1][-]{subsection.8.3}{\376\377\000L\000i\000t\000e\000r\000a\000t\000u\000r\000v\000e\000r\000z\000e\000i\000c\000h\000n\000i\000s}{}% 43
\BOOKMARK [1][-]{subsection.8.3}{\376\377\000A\000\040\000A\000n\000h\000a\000n\000g}{}% 44
\BOOKMARK [2][-]{subsection.Alph0.1}{\376\377\000D\000e\000t\000a\000i\000l\000l\000i\000e\000r\000t\000e\000\040\000Z\000e\000i\000t\000p\000a\000n\000u\000n\000g}{subsection.8.3}% 45
\BOOKMARK [2][-]{subsection.Alph0.2}{\376\377\000V\000e\000r\000w\000e\000n\000d\000e\000t\000e\000\040\000R\000e\000s\000s\000o\000u\000r\000c\000e\000n}{subsection.8.3}% 46
\BOOKMARK [2][-]{subsection.Alph0.3}{\376\377\000A\000m\000o\000r\000t\000i\000s\000a\000t\000i\000o\000n}{subsection.8.3}% 47
\BOOKMARK [2][-]{subsection.Alph0.4}{\376\377\000U\000s\000e\000-\000C\000a\000s\000e\000-\000D\000i\000a\000g\000r\000a\000m\000m}{subsection.8.3}% 48
\BOOKMARK [2][-]{subsection.Alph0.5}{\376\377\000L\000a\000s\000t\000e\000n\000h\000e\000f\000t}{subsection.8.3}% 49
\BOOKMARK [2][-]{subsection.Alph0.6}{\376\377\000K\000o\000m\000p\000o\000n\000e\000n\000t\000e\000n\000d\000i\000a\000g\000r\000a\000m\000m}{subsection.8.3}% 50
\BOOKMARK [2][-]{subsection.Alph0.7}{\376\377\000M\000o\000c\000k\000u\000p\000s}{subsection.8.3}% 51
\BOOKMARK [2][-]{subsection.Alph0.8}{\376\377\000E\000n\000t\000i\000t\000y\000-\000R\000e\000l\000a\000t\000i\000o\000n\000s\000h\000i\000p\000-\000M\000o\000d\000e\000l\000l}{subsection.8.3}% 52
\BOOKMARK [2][-]{subsection.Alph0.9}{\376\377\000K\000l\000a\000s\000s\000e\000n\000d\000i\000a\000g\000r\000a\000m\000m\000\040\000\050\000A\000u\000s\000z\000u\000g\000\051}{subsection.8.3}% 53
\BOOKMARK [2][-]{subsection.Alph0.10}{\376\377\000P\000f\000l\000i\000c\000h\000t\000e\000n\000h\000e\000f\000t\000\040\000\050\000A\000u\000s\000z\000u\000g\000\051}{subsection.8.3}% 54
\BOOKMARK [2][-]{subsection.Alph0.11}{\376\377\000L\000i\000s\000t\000i\000n\000g\000\040\000v\000o\000n\000\040\000P\000y\000t\000h\000o\000n\000-\000C\000o\000d\000e}{subsection.8.3}% 55
\BOOKMARK [3][-]{subsubsection.Alph0.11.1}{\376\377\000D\000a\000t\000e\000n\000m\000o\000d\000e\000l\000l\000e\000\040\000u\000n\000d\000\040\000S\000e\000r\000v\000i\000c\000e\000s}{subsection.Alph0.11}% 56
\BOOKMARK [3][-]{subsubsection.Alph0.11.2}{\376\377\000L\000i\000s\000t\000i\000n\000g\000\040\000v\000o\000n\000\040\000u\000n\000i\000t\000t\000e\000s\000t}{subsection.Alph0.11}% 57
\BOOKMARK [2][-]{subsection.Alph0.12}{\376\377\000B\000e\000n\000u\000t\000z\000e\000r\000d\000o\000k\000u\000m\000e\000n\000t\000a\000t\000i\000o\000n\000\040\000\050\000A\000u\000s\000z\000u\000g\000\051}{subsection.8.3}% 58
\BOOKMARK [2][-]{subsection.Alph0.13}{\376\377\000E\000n\000t\000w\000i\000c\000k\000l\000e\000r\000d\000o\000k\000u\000m\000e\000n\000t\000a\000t\000i\000o\000n\000\040\000\050\000A\000u\000s\000z\000u\000g\000\051}{subsection.8.3}% 59
